2024-01-19 18:44:48,398 : INFO : Start of Prediction
2024-01-19 18:44:48,398 : INFO : run_id:2024-01-19_184448_166171756
2024-01-19 18:44:48,398 : INFO : Start of Preprocessing...
2024-01-19 18:44:48,398 : INFO : Start of feature encoding...
2024-01-19 18:44:48,400 : INFO : End of feature encoding...
2024-01-19 18:44:48,401 : INFO : Start of Droping columns...
2024-01-19 18:44:48,403 : INFO : End of Droping columns...
2024-01-19 18:44:48,403 : INFO : Start of finding missing values...
2024-01-19 18:44:48,403 : INFO : Start of finding missing values...
2024-01-19 18:44:48,403 : INFO : Start of building final predictset...
2024-01-19 18:44:48,408 : INFO : Start of building final predictset...
2024-01-19 18:44:48,408 : INFO : End of Preprocessing...
2024-01-19 18:44:48,408 : INFO : Start of Load Model
2024-01-19 18:44:48,408 : INFO : Model File KMeans loaded
2024-01-19 18:44:48,410 : INFO : End of Load Model
2024-01-19 18:44:48,458 : INFO : clusters loop started
2024-01-19 18:44:48,459 : INFO : Start of finding correct model
2024-01-19 18:44:48,459 : INFO : End of finding correct model
2024-01-19 18:44:48,459 : INFO : Start of Load Model
2024-01-19 18:44:48,459 : INFO : Model File XGBoost0 loaded
2024-01-19 18:44:48,459 : INFO : End of Load Model
2024-01-19 18:44:48,495 : INFO : Shape of Data (1, 9)
2024-01-19 18:44:48,502 : INFO : Info of Data None
2024-01-19 18:44:48,513 : INFO : Output : [1]
