2024-01-19 17:31:11,343 : INFO : Start of Prediction
2024-01-19 17:31:11,343 : INFO : run_id:2024-01-19_173111_618901005
2024-01-19 17:31:11,343 : INFO : Start of Preprocessing...
2024-01-19 17:31:11,343 : INFO : Start of feature encoding...
2024-01-19 17:31:11,346 : INFO : End of feature encoding...
2024-01-19 17:31:11,347 : INFO : Start of Droping columns...
2024-01-19 17:31:11,347 : INFO : End of Droping columns...
2024-01-19 17:31:11,347 : INFO : Start of finding missing values...
2024-01-19 17:31:11,347 : INFO : Start of finding missing values...
2024-01-19 17:31:11,347 : INFO : Start of building final predictset...
2024-01-19 17:31:11,351 : INFO : Start of building final predictset...
2024-01-19 17:31:11,351 : INFO : End of Preprocessing...
2024-01-19 17:31:11,351 : INFO : Start of Load Model
2024-01-19 17:31:11,351 : INFO : Model File KMeans loaded
2024-01-19 17:31:11,351 : INFO : End of Load Model
2024-01-19 17:31:11,362 : INFO : clusters loop started
2024-01-19 17:31:11,362 : INFO : Start of finding correct model
2024-01-19 17:31:11,363 : INFO : End of finding correct model
2024-01-19 17:31:11,363 : INFO : Start of Load Model
2024-01-19 17:31:11,363 : INFO : Model File XGBoost0 loaded
2024-01-19 17:31:11,363 : INFO : End of Load Model
2024-01-19 17:31:11,394 : INFO : Shape of Data (1, 9)
2024-01-19 17:31:11,407 : INFO : Info of Data None
2024-01-19 17:31:11,449 : INFO : Output : [1]
2024-01-19 17:31:11,449 : INFO : End of Prediction
