2024-01-19 19:03:42,059 : INFO : Start of Prediction
2024-01-19 19:03:42,059 : INFO : run_id:2024-01-19_190342_589909542
2024-01-19 19:03:42,059 : INFO : Start of Preprocessing...
2024-01-19 19:03:42,059 : INFO : Start of feature encoding...
2024-01-19 19:03:42,063 : INFO : End of feature encoding...
2024-01-19 19:03:42,071 : INFO : Start of Droping columns...
2024-01-19 19:03:42,071 : INFO : End of Droping columns...
2024-01-19 19:03:42,071 : INFO : Start of finding missing values...
2024-01-19 19:03:42,072 : INFO : Start of finding missing values...
2024-01-19 19:03:42,072 : INFO : Start of building final predictset...
2024-01-19 19:03:42,082 : INFO : Start of building final predictset...
2024-01-19 19:03:42,082 : INFO : End of Preprocessing...
2024-01-19 19:03:42,082 : INFO : Start of Load Model
2024-01-19 19:03:42,082 : INFO : Model File KMeans loaded
2024-01-19 19:03:42,082 : INFO : End of Load Model
2024-01-19 19:03:42,143 : INFO : clusters loop started
2024-01-19 19:03:42,144 : INFO : Start of finding correct model
2024-01-19 19:03:42,145 : INFO : End of finding correct model
2024-01-19 19:03:42,145 : INFO : Start of Load Model
2024-01-19 19:03:42,147 : INFO : Model File XGBoost0 loaded
2024-01-19 19:03:42,147 : INFO : End of Load Model
2024-01-19 19:03:42,203 : INFO : Shape of Data (1, 9)
2024-01-19 19:03:42,211 : INFO : Info of Data None
2024-01-19 19:03:42,251 : INFO : Output : [0]
