2024-01-19 14:45:30,850 : INFO : Start of Prediction
2024-01-19 14:45:30,851 : INFO : run_id:2024-01-19_144530_582591938
2024-01-19 14:45:30,851 : INFO : Start of Data Load, validation and transformation...
2024-01-19 14:45:30,851 : INFO : Start of Archiving Old Rejected Files...
2024-01-19 14:45:30,851 : INFO : End of Archiving Old Rejected Files...
2024-01-19 14:45:30,851 : INFO : Start of Archiving Old Validated Files...
2024-01-19 14:45:30,851 : INFO : End of Archiving Old Validated Files...
2024-01-19 14:45:30,851 : INFO : Start of Archiving Old Processed Files...
2024-01-19 14:45:30,851 : INFO : End of Archiving Old Processed Files...
2024-01-19 14:45:30,851 : INFO : Start of Archiving Old Result Files...
2024-01-19 14:45:30,851 : INFO : End of Archiving Old Result Files...
2024-01-19 14:45:30,851 : INFO : Start of Reading values From Schema...
2024-01-19 14:45:30,853 : INFO : End of Reading values From Schema...
2024-01-19 14:45:30,853 : INFO : Start of Validating Column Length...
2024-01-19 14:45:30,855 : INFO : End of Validating column Length
2024-01-19 14:45:30,858 : INFO : Start of Validating Missing Values...
2024-01-19 14:45:30,861 : INFO : End of Validating Missing Values
2024-01-19 14:45:30,862 : INFO : Start of Replacing Missing Values with NULL...
2024-01-19 14:45:30,878 : INFO : hr_employee_churn_data_predict.csv: File Transformed successfully!!
2024-01-19 14:45:30,878 : INFO : End of Replacing Missing Values with NULL...
2024-01-19 14:45:30,878 : INFO : Start of Creating Table...
2024-01-19 14:45:30,878 : INFO : Opened prediction database successfully
2024-01-19 14:45:30,912 : INFO : CREATE TABLE prediction_raw_data_t column_name
2024-01-19 14:45:30,934 : INFO : ALTER TABLE prediction_raw_data_t ADD COLUMN
2024-01-19 14:45:30,949 : INFO : ALTER TABLE prediction_raw_data_t ADD COLUMN
2024-01-19 14:45:30,972 : INFO : ALTER TABLE prediction_raw_data_t ADD COLUMN
2024-01-19 14:45:30,990 : INFO : ALTER TABLE prediction_raw_data_t ADD COLUMN
2024-01-19 14:45:31,023 : INFO : ALTER TABLE prediction_raw_data_t ADD COLUMN
2024-01-19 14:45:31,036 : INFO : ALTER TABLE prediction_raw_data_t ADD COLUMN
2024-01-19 14:45:31,046 : INFO : ALTER TABLE prediction_raw_data_t ADD COLUMN
2024-01-19 14:45:31,058 : INFO : ALTER TABLE prediction_raw_data_t ADD COLUMN
2024-01-19 14:45:31,058 : INFO : End of Creating Table...
2024-01-19 14:45:31,060 : INFO : Opened prediction database successfully
2024-01-19 14:45:31,060 : INFO : Start of Inserting Data into Table...
2024-01-19 14:45:31,162 : INFO : End of Inserting Data into Table...
2024-01-19 14:45:31,162 : INFO : Start of Exporting Data into CSV...
2024-01-19 14:45:31,162 : INFO : Opened prediction database successfully
2024-01-19 14:45:31,163 : INFO : End of Exporting Data into CSV...
2024-01-19 14:45:31,163 : INFO : Start of Moving Processed Files...
2024-01-19 14:45:31,163 : INFO : Moved the already processed file hr_employee_churn_data_predict.csv
2024-01-19 14:45:31,163 : INFO : End of Moving Processed Files...
2024-01-19 14:45:31,163 : INFO : End of Data Load, validation and transformation
2024-01-19 14:45:31,163 : INFO : Start of Preprocessing...
2024-01-19 14:45:31,163 : INFO : Start of Reading dataset...
2024-01-19 14:45:31,165 : INFO : End of reading dataset...
2024-01-19 14:45:31,166 : INFO : Start of feature encoding...
2024-01-19 14:45:31,169 : INFO : End of feature encoding...
2024-01-19 14:45:31,169 : INFO : Start of Droping columns...
2024-01-19 14:45:31,190 : INFO : End of Droping columns...
2024-01-19 14:45:31,190 : INFO : Start of finding missing values...
2024-01-19 14:45:31,192 : INFO : Start of finding missing values...
2024-01-19 14:45:31,192 : INFO : Start of building final predictset...
2024-01-19 14:45:31,195 : INFO : Start of building final predictset...
2024-01-19 14:45:31,198 : INFO : End of Preprocessing...
2024-01-19 14:45:31,198 : INFO : Start of Load Model
2024-01-19 14:45:31,198 : INFO : Model File KMeans loaded
2024-01-19 14:45:31,198 : INFO : End of Load Model
2024-01-19 14:45:31,368 : INFO : clusters loop started
2024-01-19 14:45:31,391 : INFO : Start of finding correct model
2024-01-19 14:45:31,391 : INFO : End of finding correct model
2024-01-19 14:45:31,391 : INFO : Start of Load Model
2024-01-19 14:45:31,392 : INFO : Model File XGBoost0 loaded
2024-01-19 14:45:31,392 : INFO : End of Load Model
2024-01-19 14:45:31,720 : INFO : clusters loop started
2024-01-19 14:45:31,720 : INFO : Start of finding correct model
2024-01-19 14:45:31,721 : INFO : End of finding correct model
2024-01-19 14:45:31,721 : INFO : Start of Load Model
2024-01-19 14:45:31,721 : INFO : Model File XGBoost1 loaded
2024-01-19 14:45:31,721 : INFO : End of Load Model
2024-01-19 14:45:31,765 : INFO : End of Prediction
