2024-01-19 17:27:22,628 : INFO : Start of Prediction
2024-01-19 17:27:22,628 : INFO : run_id:2024-01-19_172722_457715156
2024-01-19 17:27:22,629 : INFO : Start of Preprocessing...
2024-01-19 17:27:22,629 : INFO : Start of feature encoding...
2024-01-19 17:27:22,630 : INFO : End of feature encoding...
2024-01-19 17:27:22,632 : INFO : Start of Droping columns...
2024-01-19 17:27:22,636 : INFO : End of Droping columns...
2024-01-19 17:27:22,636 : INFO : Start of finding missing values...
2024-01-19 17:27:22,636 : INFO : Start of finding missing values...
2024-01-19 17:27:22,637 : INFO : Start of building final predictset...
2024-01-19 17:27:22,638 : INFO : Start of building final predictset...
2024-01-19 17:27:22,638 : INFO : End of Preprocessing...
2024-01-19 17:27:22,638 : INFO : Start of Load Model
2024-01-19 17:27:22,638 : INFO : Model File KMeans loaded
2024-01-19 17:27:22,638 : INFO : End of Load Model
2024-01-19 17:27:22,645 : INFO : clusters loop started
2024-01-19 17:27:22,646 : INFO : Start of finding correct model
2024-01-19 17:27:22,646 : INFO : End of finding correct model
2024-01-19 17:27:22,646 : INFO : Start of Load Model
2024-01-19 17:27:22,646 : INFO : Model File XGBoost0 loaded
2024-01-19 17:27:22,646 : INFO : End of Load Model
2024-01-19 17:27:22,661 : INFO : Shape of Data (1, 9)
2024-01-19 17:27:22,677 : INFO : Info of Data None
2024-01-19 17:27:22,723 : INFO : Output : [1]
2024-01-19 17:27:22,734 : INFO : End of Prediction
