2024-01-19 14:15:18,337 : INFO : Start of Prediction
2024-01-19 14:15:18,337 : INFO : run_id:2024-01-19_141518_620141860
2024-01-19 14:15:18,337 : INFO : Start of Data Load, validation and transformation...
2024-01-19 14:15:18,337 : INFO : Start of Archiving Old Rejected Files...
2024-01-19 14:15:18,337 : INFO : End of Archiving Old Rejected Files...
2024-01-19 14:15:18,337 : INFO : Start of Archiving Old Validated Files...
2024-01-19 14:15:18,337 : INFO : End of Archiving Old Validated Files...
2024-01-19 14:15:18,337 : INFO : Start of Archiving Old Processed Files...
2024-01-19 14:15:18,337 : INFO : End of Archiving Old Processed Files...
2024-01-19 14:15:18,337 : INFO : Start of Archiving Old Result Files...
2024-01-19 14:15:18,337 : INFO : End of Archiving Old Result Files...
2024-01-19 14:15:18,337 : INFO : Start of Reading values From Schema...
2024-01-19 14:15:18,337 : INFO : End of Reading values From Schema...
2024-01-19 14:15:18,337 : INFO : Start of Validating Column Length...
2024-01-19 14:15:18,337 : INFO : End of Validating column Length
2024-01-19 14:15:18,337 : INFO : Start of Validating Missing Values...
2024-01-19 14:15:18,337 : INFO : End of Validating Missing Values
2024-01-19 14:15:18,337 : INFO : Start of Replacing Missing Values with NULL...
2024-01-19 14:15:18,337 : INFO : End of Replacing Missing Values with NULL...
2024-01-19 14:15:18,337 : INFO : Start of Creating Table...
2024-01-19 14:15:18,338 : INFO : Opened prediction database successfully
2024-01-19 14:15:18,355 : INFO : CREATE TABLE prediction_raw_data_t column_name
2024-01-19 14:15:18,364 : INFO : ALTER TABLE prediction_raw_data_t ADD COLUMN
2024-01-19 14:15:18,372 : INFO : ALTER TABLE prediction_raw_data_t ADD COLUMN
2024-01-19 14:15:18,381 : INFO : ALTER TABLE prediction_raw_data_t ADD COLUMN
2024-01-19 14:15:18,390 : INFO : ALTER TABLE prediction_raw_data_t ADD COLUMN
2024-01-19 14:15:18,398 : INFO : ALTER TABLE prediction_raw_data_t ADD COLUMN
2024-01-19 14:15:18,407 : INFO : ALTER TABLE prediction_raw_data_t ADD COLUMN
2024-01-19 14:15:18,415 : INFO : ALTER TABLE prediction_raw_data_t ADD COLUMN
2024-01-19 14:15:18,424 : INFO : ALTER TABLE prediction_raw_data_t ADD COLUMN
2024-01-19 14:15:18,424 : INFO : End of Creating Table...
2024-01-19 14:15:18,424 : INFO : Opened prediction database successfully
2024-01-19 14:15:18,424 : INFO : Start of Inserting Data into Table...
2024-01-19 14:15:18,424 : INFO : End of Inserting Data into Table...
2024-01-19 14:15:18,424 : INFO : Start of Exporting Data into CSV...
2024-01-19 14:15:18,424 : INFO : Opened prediction database successfully
2024-01-19 14:15:18,425 : INFO : End of Exporting Data into CSV...
2024-01-19 14:15:18,425 : INFO : Start of Moving Processed Files...
2024-01-19 14:15:18,425 : INFO : End of Moving Processed Files...
2024-01-19 14:15:18,425 : INFO : End of Data Load, validation and transformation
2024-01-19 14:15:18,425 : INFO : Start of Preprocessing...
2024-01-19 14:15:18,425 : INFO : Start of Reading dataset...
2024-01-19 14:15:18,427 : INFO : End of reading dataset...
2024-01-19 14:15:18,427 : INFO : Start of feature encoding...
2024-01-19 14:15:18,448 : INFO : End of feature encoding...
2024-01-19 14:15:18,449 : INFO : Start of Droping columns...
2024-01-19 14:15:18,449 : INFO : End of Droping columns...
2024-01-19 14:15:18,449 : INFO : Start of finding missing values...
2024-01-19 14:15:18,449 : INFO : Start of finding missing values...
2024-01-19 14:15:18,449 : INFO : Start of building final predictset...
2024-01-19 14:15:18,452 : INFO : Start of building final predictset...
2024-01-19 14:15:18,452 : INFO : End of Preprocessing...
2024-01-19 14:15:18,452 : INFO : Start of Load Model
2024-01-19 14:15:18,452 : INFO : Model File KMeansloaded
2024-01-19 14:15:18,452 : INFO : End of Load Model
2024-01-19 14:15:18,453 : ERROR : Unsuccessful End of Prediction
Traceback (most recent call last):
  File "/home/draeghonvm/Projects/Supervised_ML_Project/apps/prediction/predict_model.py", line 58, in batch_predict_from_model
    clusters = kmeans.predict(self.X.drop(['empid'], axis=1))
               ^^^^^^^^^^^^^^^^^^^^^^^^^^^^^^^^^^^^^^^^^^^^^^
  File "/home/draeghonvm/Projects/Supervised_ML_Project/env/lib/python3.11/site-packages/sklearn/cluster/_kmeans.py", line 1098, in predict
    X = self._check_test_data(X)
        ^^^^^^^^^^^^^^^^^^^^^^^^
  File "/home/draeghonvm/Projects/Supervised_ML_Project/env/lib/python3.11/site-packages/sklearn/cluster/_kmeans.py", line 950, in _check_test_data
    X = self._validate_data(
        ^^^^^^^^^^^^^^^^^^^^
  File "/home/draeghonvm/Projects/Supervised_ML_Project/env/lib/python3.11/site-packages/sklearn/base.py", line 605, in _validate_data
    out = check_array(X, input_name="X", **check_params)
          ^^^^^^^^^^^^^^^^^^^^^^^^^^^^^^^^^^^^^^^^^^^^^^
  File "/home/draeghonvm/Projects/Supervised_ML_Project/env/lib/python3.11/site-packages/sklearn/utils/validation.py", line 967, in check_array
    raise ValueError(
ValueError: Found array with 0 sample(s) (shape=(0, 9)) while a minimum of 1 is required by KMeans.
