2024-01-19 17:32:04,763 : INFO : Start of Prediction
2024-01-19 17:32:04,767 : INFO : run_id:2024-01-19_173204_449942099
2024-01-19 17:32:04,767 : INFO : Start of Preprocessing...
2024-01-19 17:32:04,767 : INFO : Start of feature encoding...
2024-01-19 17:32:04,771 : INFO : End of feature encoding...
2024-01-19 17:32:04,772 : INFO : Start of Droping columns...
2024-01-19 17:32:04,775 : INFO : End of Droping columns...
2024-01-19 17:32:04,775 : INFO : Start of finding missing values...
2024-01-19 17:32:04,775 : INFO : Start of finding missing values...
2024-01-19 17:32:04,775 : INFO : Start of building final predictset...
2024-01-19 17:32:04,777 : INFO : Start of building final predictset...
2024-01-19 17:32:04,777 : INFO : End of Preprocessing...
2024-01-19 17:32:04,777 : INFO : Start of Load Model
2024-01-19 17:32:04,777 : INFO : Model File KMeans loaded
2024-01-19 17:32:04,777 : INFO : End of Load Model
2024-01-19 17:32:04,834 : INFO : clusters loop started
2024-01-19 17:32:04,835 : INFO : Start of finding correct model
2024-01-19 17:32:04,835 : INFO : End of finding correct model
2024-01-19 17:32:04,835 : INFO : Start of Load Model
2024-01-19 17:32:04,835 : INFO : Model File XGBoost0 loaded
2024-01-19 17:32:04,835 : INFO : End of Load Model
2024-01-19 17:32:04,882 : INFO : Shape of Data (1, 9)
2024-01-19 17:32:04,888 : INFO : Info of Data None
2024-01-19 17:32:04,936 : INFO : Output : [1]
