2024-01-19 17:35:48,718 : INFO : Start of Prediction
2024-01-19 17:35:48,719 : INFO : run_id:2024-01-19_173548_234513203
2024-01-19 17:35:48,719 : INFO : Start of Preprocessing...
2024-01-19 17:35:48,719 : INFO : Start of feature encoding...
2024-01-19 17:35:48,731 : INFO : End of feature encoding...
2024-01-19 17:35:48,735 : INFO : Start of Droping columns...
2024-01-19 17:35:48,738 : INFO : End of Droping columns...
2024-01-19 17:35:48,738 : INFO : Start of finding missing values...
2024-01-19 17:35:48,738 : INFO : Start of finding missing values...
2024-01-19 17:35:48,738 : INFO : Start of building final predictset...
2024-01-19 17:35:48,743 : INFO : Start of building final predictset...
2024-01-19 17:35:48,743 : INFO : End of Preprocessing...
2024-01-19 17:35:48,743 : INFO : Start of Load Model
2024-01-19 17:35:48,743 : INFO : Model File KMeans loaded
2024-01-19 17:35:48,743 : INFO : End of Load Model
2024-01-19 17:35:48,747 : INFO : clusters loop started
2024-01-19 17:35:48,751 : INFO : Start of finding correct model
2024-01-19 17:35:48,751 : INFO : End of finding correct model
2024-01-19 17:35:48,751 : INFO : Start of Load Model
2024-01-19 17:35:48,751 : INFO : Model File XGBoost0 loaded
2024-01-19 17:35:48,751 : INFO : End of Load Model
2024-01-19 17:35:48,772 : INFO : Shape of Data (1, 9)
2024-01-19 17:35:48,776 : INFO : Info of Data None
2024-01-19 17:35:48,805 : INFO : Output : [0]
