2024-01-19 17:35:24,519 : INFO : Start of Prediction
2024-01-19 17:35:24,522 : INFO : run_id:2024-01-19_173524_125235237
2024-01-19 17:35:24,522 : INFO : Start of Preprocessing...
2024-01-19 17:35:24,522 : INFO : Start of feature encoding...
2024-01-19 17:35:24,523 : INFO : End of feature encoding...
2024-01-19 17:35:24,526 : INFO : Start of Droping columns...
2024-01-19 17:35:24,526 : INFO : End of Droping columns...
2024-01-19 17:35:24,526 : INFO : Start of finding missing values...
2024-01-19 17:35:24,527 : INFO : Start of finding missing values...
2024-01-19 17:35:24,527 : INFO : Start of building final predictset...
2024-01-19 17:35:24,531 : INFO : Start of building final predictset...
2024-01-19 17:35:24,531 : INFO : End of Preprocessing...
2024-01-19 17:35:24,531 : INFO : Start of Load Model
2024-01-19 17:35:24,531 : INFO : Model File KMeans loaded
2024-01-19 17:35:24,531 : INFO : End of Load Model
2024-01-19 17:35:24,533 : INFO : clusters loop started
2024-01-19 17:35:24,534 : INFO : Start of finding correct model
2024-01-19 17:35:24,534 : INFO : End of finding correct model
2024-01-19 17:35:24,536 : INFO : Start of Load Model
2024-01-19 17:35:24,536 : INFO : Model File XGBoost0 loaded
2024-01-19 17:35:24,536 : INFO : End of Load Model
2024-01-19 17:35:24,553 : INFO : Shape of Data (1, 9)
2024-01-19 17:35:24,558 : INFO : Info of Data None
2024-01-19 17:35:24,572 : INFO : Output : [0]
