2024-01-19 17:26:09,093 : INFO : Start of Prediction
2024-01-19 17:26:09,094 : INFO : run_id:2024-01-19_172609_386755933
2024-01-19 17:26:09,094 : INFO : Start of Preprocessing...
2024-01-19 17:26:09,094 : INFO : Start of feature encoding...
2024-01-19 17:26:09,097 : INFO : End of feature encoding...
2024-01-19 17:26:09,098 : INFO : Start of Droping columns...
2024-01-19 17:26:09,099 : INFO : End of Droping columns...
2024-01-19 17:26:09,099 : INFO : Start of finding missing values...
2024-01-19 17:26:09,099 : INFO : Start of finding missing values...
2024-01-19 17:26:09,100 : INFO : Start of building final predictset...
2024-01-19 17:26:09,109 : INFO : Start of building final predictset...
2024-01-19 17:26:09,115 : INFO : End of Preprocessing...
2024-01-19 17:26:09,131 : INFO : Start of Load Model
2024-01-19 17:26:09,131 : INFO : Model File KMeans loaded
2024-01-19 17:26:09,131 : INFO : End of Load Model
2024-01-19 17:26:09,193 : INFO : clusters loop started
2024-01-19 17:26:09,194 : INFO : Start of finding correct model
2024-01-19 17:26:09,194 : INFO : End of finding correct model
2024-01-19 17:26:09,195 : INFO : Start of Load Model
2024-01-19 17:26:09,195 : INFO : Model File XGBoost0 loaded
2024-01-19 17:26:09,195 : INFO : End of Load Model
2024-01-19 17:26:09,280 : INFO : Shape of Data (1, 9)
2024-01-19 17:26:09,674 : INFO : Info of Data None
2024-01-19 17:26:09,712 : INFO : Output : [0]
2024-01-19 17:26:09,712 : INFO : End of Prediction
