2024-01-19 20:46:25,080 : INFO : Start of Prediction
2024-01-19 20:46:25,081 : INFO : run_id:2024-01-19_204625_842215998
2024-01-19 20:46:25,081 : INFO : Start of Preprocessing...
2024-01-19 20:46:25,081 : INFO : Start of feature encoding...
2024-01-19 20:46:25,252 : INFO : End of feature encoding...
2024-01-19 20:46:25,253 : INFO : Start of Droping columns...
2024-01-19 20:46:25,253 : INFO : End of Droping columns...
2024-01-19 20:46:25,254 : INFO : Start of finding missing values...
2024-01-19 20:46:25,257 : INFO : Start of finding missing values...
2024-01-19 20:46:25,257 : INFO : Start of building final predictset...
2024-01-19 20:46:25,263 : INFO : Start of building final predictset...
2024-01-19 20:46:25,264 : INFO : End of Preprocessing...
2024-01-19 20:46:25,264 : INFO : Start of Load Model
2024-01-19 20:46:25,264 : INFO : Model File KMeans loaded
2024-01-19 20:46:25,264 : INFO : End of Load Model
2024-01-19 20:46:25,313 : INFO : clusters loop started
2024-01-19 20:46:25,316 : INFO : Start of finding correct model
2024-01-19 20:46:25,317 : INFO : End of finding correct model
2024-01-19 20:46:25,317 : INFO : Start of Load Model
2024-01-19 20:46:25,317 : INFO : Model File XGBoost0 loaded
2024-01-19 20:46:25,317 : INFO : End of Load Model
2024-01-19 20:46:25,345 : INFO : Shape of Data (1, 9)
2024-01-19 20:46:25,348 : INFO : Info of Data None
2024-01-19 20:46:25,382 : INFO : Output : [0]
