2024-01-19 03:46:13,265 : INFO : Start of Training
2024-01-19 03:46:13,266 : INFO : Run_id: 2024-01-19_034613_978402429
2024-01-19 03:46:13,266 : INFO : Start of Data Load, validation and transformation...
2024-01-19 03:46:13,269 : INFO : Start of Archiving Old Rejected Files...
2024-01-19 03:46:13,269 : INFO : End of Archiving Old Rejected Files...
2024-01-19 03:46:13,269 : INFO : Start of Archiving Old Validated Files...
2024-01-19 03:46:13,269 : INFO : End of Archiving Old Validated Files...
2024-01-19 03:46:13,269 : INFO : Start of Archiving Old Processed Files...
2024-01-19 03:46:13,269 : INFO : End of Archiving Old Processed Files...
2024-01-19 03:46:13,269 : INFO : Start of Archiving Old Result Files...
2024-01-19 03:46:13,269 : INFO : End of Archiving Old Result Files...
2024-01-19 03:46:13,270 : INFO : Start of Reading values From Schema...
2024-01-19 03:46:13,270 : INFO : End of Reading values From Schema...
2024-01-19 03:46:13,270 : INFO : Start of Validating Column Length...
2024-01-19 03:46:13,270 : INFO : End of Validating column Length
2024-01-19 03:46:13,270 : INFO : Start of Validating Missing Values...
2024-01-19 03:46:13,270 : INFO : End of Validating Missing Values
2024-01-19 03:46:13,270 : INFO : Start of Replacing Missing Values with NULL...
2024-01-19 03:46:13,270 : INFO : End of Replacing Missing Values with NULL...
2024-01-19 03:46:13,270 : INFO : Start of Creating Table...
2024-01-19 03:46:13,270 : INFO : Opened training database successfully
2024-01-19 03:46:13,270 : INFO : Tables created successfully
2024-01-19 03:46:13,270 : INFO : Closed training database successfully
2024-01-19 03:46:13,272 : INFO : End of Creating Table...
2024-01-19 03:46:13,272 : INFO : Opened training database successfully
2024-01-19 03:46:13,272 : INFO : Start of Inserting Data into Table...
2024-01-19 03:46:13,272 : INFO : End of Inserting Data into Table...
2024-01-19 03:46:13,272 : INFO : Start of Exporting Data into CSV...
2024-01-19 03:46:13,272 : INFO : Opened training database successfully
2024-01-19 03:46:13,339 : INFO : End of Exporting Data into CSV...
2024-01-19 03:46:13,341 : INFO : Start of Moving Processed Files...
2024-01-19 03:46:13,341 : INFO : End of Moving Processed Files...
2024-01-19 03:46:13,341 : INFO : End of Data Load, validation and transformation
2024-01-19 03:46:13,341 : INFO : Start of Preprocessing...
2024-01-19 03:46:13,341 : INFO : Start of Reading dataset...
2024-01-19 03:46:13,356 : INFO : End of reading dataset...
2024-01-19 03:46:13,356 : INFO : Start of Droping columns...
2024-01-19 03:46:13,357 : INFO : End of Droping columns...
2024-01-19 03:46:13,357 : INFO : Start of feature encoding...
2024-01-19 03:46:13,359 : INFO : End of feature encoding...
2024-01-19 03:46:13,360 : INFO : Start of Droping columns...
2024-01-19 03:46:13,360 : INFO : End of Droping columns...
2024-01-19 03:46:13,360 : INFO : Start of finding missing values...
2024-01-19 03:46:13,364 : INFO : Start of finding missing values...
2024-01-19 03:46:13,364 : INFO : Start of Imputing missing values...
2024-01-19 03:46:13,389 : INFO : End of Imputing missing values...
2024-01-19 03:46:13,390 : INFO : Start of splitting features and label...
2024-01-19 03:46:13,390 : INFO : End of splitting features and label...
2024-01-19 03:46:13,391 : INFO : End of Preprocessing...
2024-01-19 03:46:13,391 : INFO : Start of elbow plotting...
2024-01-19 03:46:29,423 : INFO : The optimum number of clusters is: 3
2024-01-19 03:46:29,423 : INFO : End of elbow plotting...
2024-01-19 03:46:29,423 : INFO : Start of Create clusters...
2024-01-19 03:46:31,697 : INFO : Start of Save Models
2024-01-19 03:46:31,697 : INFO : Start of Save Models
2024-01-19 03:46:31,698 : INFO : Model File KMeans saved
2024-01-19 03:46:31,698 : INFO : Model File KMeans saved
2024-01-19 03:46:31,698 : INFO : End of Save Models
2024-01-19 03:46:31,698 : INFO : End of Save Models
2024-01-19 03:46:31,698 : INFO : succesfully created 3 clusters.
2024-01-19 03:46:31,699 : INFO : End of Create clusters...
2024-01-19 03:46:31,714 : ERROR : Unsuccessful End of Training
Traceback (most recent call last):
  File "/home/draeghonvm/Projects/Supervised_ML_Project/apps/training/train_model.py", line 84, in training_model
    best_model_name, best_model = self.modelTuner(x_train, y_train, x_test, y_test)
                                  ^^^^^^^^^^^^^^^^^^^^^^^^^^^^^^^^^^^^^^^^^^^^^^^^^
TypeError: 'ModelTuner' object is not callable
