2024-01-19 03:48:20,138 : INFO : Start of Training
2024-01-19 03:48:20,138 : INFO : Run_id: 2024-01-19_034820_164225633
2024-01-19 03:48:20,138 : INFO : Start of Data Load, validation and transformation...
2024-01-19 03:48:20,138 : INFO : Start of Archiving Old Rejected Files...
2024-01-19 03:48:20,138 : INFO : End of Archiving Old Rejected Files...
2024-01-19 03:48:20,138 : INFO : Start of Archiving Old Validated Files...
2024-01-19 03:48:20,138 : INFO : End of Archiving Old Validated Files...
2024-01-19 03:48:20,138 : INFO : Start of Archiving Old Processed Files...
2024-01-19 03:48:20,138 : INFO : End of Archiving Old Processed Files...
2024-01-19 03:48:20,138 : INFO : Start of Archiving Old Result Files...
2024-01-19 03:48:20,139 : INFO : End of Archiving Old Result Files...
2024-01-19 03:48:20,139 : INFO : Start of Reading values From Schema...
2024-01-19 03:48:20,139 : INFO : End of Reading values From Schema...
2024-01-19 03:48:20,139 : INFO : Start of Validating Column Length...
2024-01-19 03:48:20,139 : INFO : End of Validating column Length
2024-01-19 03:48:20,139 : INFO : Start of Validating Missing Values...
2024-01-19 03:48:20,139 : INFO : End of Validating Missing Values
2024-01-19 03:48:20,139 : INFO : Start of Replacing Missing Values with NULL...
2024-01-19 03:48:20,139 : INFO : End of Replacing Missing Values with NULL...
2024-01-19 03:48:20,139 : INFO : Start of Creating Table...
2024-01-19 03:48:20,139 : INFO : Opened training database successfully
2024-01-19 03:48:20,139 : INFO : Tables created successfully
2024-01-19 03:48:20,141 : INFO : Closed training database successfully
2024-01-19 03:48:20,141 : INFO : End of Creating Table...
2024-01-19 03:48:20,141 : INFO : Opened training database successfully
2024-01-19 03:48:20,141 : INFO : Start of Inserting Data into Table...
2024-01-19 03:48:20,141 : INFO : End of Inserting Data into Table...
2024-01-19 03:48:20,141 : INFO : Start of Exporting Data into CSV...
2024-01-19 03:48:20,141 : INFO : Opened training database successfully
2024-01-19 03:48:20,217 : INFO : End of Exporting Data into CSV...
2024-01-19 03:48:20,220 : INFO : Start of Moving Processed Files...
2024-01-19 03:48:20,224 : INFO : End of Moving Processed Files...
2024-01-19 03:48:20,224 : INFO : End of Data Load, validation and transformation
2024-01-19 03:48:20,224 : INFO : Start of Preprocessing...
2024-01-19 03:48:20,224 : INFO : Start of Reading dataset...
2024-01-19 03:48:20,238 : INFO : End of reading dataset...
2024-01-19 03:48:20,242 : INFO : Start of Droping columns...
2024-01-19 03:48:20,244 : INFO : End of Droping columns...
2024-01-19 03:48:20,245 : INFO : Start of feature encoding...
2024-01-19 03:48:20,248 : INFO : End of feature encoding...
2024-01-19 03:48:20,250 : INFO : Start of Droping columns...
2024-01-19 03:48:20,251 : INFO : End of Droping columns...
2024-01-19 03:48:20,251 : INFO : Start of finding missing values...
2024-01-19 03:48:20,260 : INFO : Start of finding missing values...
2024-01-19 03:48:20,260 : INFO : Start of Imputing missing values...
2024-01-19 03:48:20,279 : INFO : End of Imputing missing values...
2024-01-19 03:48:20,279 : INFO : Start of splitting features and label...
2024-01-19 03:48:20,279 : INFO : End of splitting features and label...
2024-01-19 03:48:20,279 : INFO : End of Preprocessing...
2024-01-19 03:48:20,280 : INFO : Start of elbow plotting...
2024-01-19 03:48:35,930 : INFO : The optimum number of clusters is: 3
2024-01-19 03:48:35,930 : INFO : End of elbow plotting...
2024-01-19 03:48:35,931 : INFO : Start of Create clusters...
2024-01-19 03:48:37,380 : INFO : Start of Save Models
2024-01-19 03:48:37,380 : INFO : Start of Save Models
2024-01-19 03:48:37,392 : INFO : Model File KMeans saved
2024-01-19 03:48:37,392 : INFO : Model File KMeans saved
2024-01-19 03:48:37,392 : INFO : End of Save Models
2024-01-19 03:48:37,392 : INFO : End of Save Models
2024-01-19 03:48:37,393 : INFO : succesfully created 3 clusters.
2024-01-19 03:48:37,393 : INFO : End of Create clusters...
2024-01-19 03:48:37,396 : ERROR : Unsuccessful End of Training
Traceback (most recent call last):
  File "/home/draeghonvm/Projects/Supervised_ML_Project/apps/training/train_model.py", line 84, in training_model
    best_model_name, best_model = self.modelTuner.get_best_model(x_train, y_train, x_test, y_test)
                                  ^^^^^^^^^^^^^^^^^^^^^^^^^^^^^^^^^^^^^^^^^^^^^^^^^
TypeError: 'ModelTuner' object is not callable
