2024-01-19 03:54:30,188 : INFO : Start of Training
2024-01-19 03:54:30,188 : INFO : Run_id: 2024-01-19_035430_792936979
2024-01-19 03:54:30,189 : INFO : Start of Data Load, validation and transformation...
2024-01-19 03:54:30,189 : INFO : Start of Archiving Old Rejected Files...
2024-01-19 03:54:30,189 : INFO : End of Archiving Old Rejected Files...
2024-01-19 03:54:30,189 : INFO : Start of Archiving Old Validated Files...
2024-01-19 03:54:30,189 : INFO : End of Archiving Old Validated Files...
2024-01-19 03:54:30,189 : INFO : Start of Archiving Old Processed Files...
2024-01-19 03:54:30,189 : INFO : End of Archiving Old Processed Files...
2024-01-19 03:54:30,189 : INFO : Start of Archiving Old Result Files...
2024-01-19 03:54:30,190 : INFO : End of Archiving Old Result Files...
2024-01-19 03:54:30,190 : INFO : Start of Reading values From Schema...
2024-01-19 03:54:30,190 : INFO : End of Reading values From Schema...
2024-01-19 03:54:30,190 : INFO : Start of Validating Column Length...
2024-01-19 03:54:30,190 : INFO : End of Validating column Length
2024-01-19 03:54:30,190 : INFO : Start of Validating Missing Values...
2024-01-19 03:54:30,190 : INFO : End of Validating Missing Values
2024-01-19 03:54:30,190 : INFO : Start of Replacing Missing Values with NULL...
2024-01-19 03:54:30,190 : INFO : End of Replacing Missing Values with NULL...
2024-01-19 03:54:30,190 : INFO : Start of Creating Table...
2024-01-19 03:54:30,192 : INFO : Opened training database successfully
2024-01-19 03:54:30,192 : INFO : Tables created successfully
2024-01-19 03:54:30,193 : INFO : Closed training database successfully
2024-01-19 03:54:30,193 : INFO : End of Creating Table...
2024-01-19 03:54:30,193 : INFO : Opened training database successfully
2024-01-19 03:54:30,193 : INFO : Start of Inserting Data into Table...
2024-01-19 03:54:30,193 : INFO : End of Inserting Data into Table...
2024-01-19 03:54:30,193 : INFO : Start of Exporting Data into CSV...
2024-01-19 03:54:30,193 : INFO : Opened training database successfully
2024-01-19 03:54:30,296 : INFO : End of Exporting Data into CSV...
2024-01-19 03:54:30,301 : INFO : Start of Moving Processed Files...
2024-01-19 03:54:30,301 : INFO : End of Moving Processed Files...
2024-01-19 03:54:30,301 : INFO : End of Data Load, validation and transformation
2024-01-19 03:54:30,301 : INFO : Start of Preprocessing...
2024-01-19 03:54:30,301 : INFO : Start of Reading dataset...
2024-01-19 03:54:30,326 : INFO : End of reading dataset...
2024-01-19 03:54:30,327 : INFO : Start of Droping columns...
2024-01-19 03:54:30,328 : INFO : End of Droping columns...
2024-01-19 03:54:30,328 : INFO : Start of feature encoding...
2024-01-19 03:54:30,331 : INFO : End of feature encoding...
2024-01-19 03:54:30,332 : INFO : Start of Droping columns...
2024-01-19 03:54:30,334 : INFO : End of Droping columns...
2024-01-19 03:54:30,335 : INFO : Start of finding missing values...
2024-01-19 03:54:30,341 : INFO : Start of finding missing values...
2024-01-19 03:54:30,341 : INFO : Start of Imputing missing values...
2024-01-19 03:54:30,361 : INFO : End of Imputing missing values...
2024-01-19 03:54:30,361 : INFO : Start of splitting features and label...
2024-01-19 03:54:30,362 : INFO : End of splitting features and label...
2024-01-19 03:54:30,362 : INFO : End of Preprocessing...
2024-01-19 03:54:30,362 : INFO : Start of elbow plotting...
2024-01-19 03:54:45,624 : INFO : The optimum number of clusters is: 3
2024-01-19 03:54:45,624 : INFO : End of elbow plotting...
2024-01-19 03:54:45,624 : INFO : Start of Create clusters...
2024-01-19 03:54:46,746 : INFO : Start of Save Models
2024-01-19 03:54:46,746 : INFO : Start of Save Models
2024-01-19 03:54:46,756 : INFO : Model File KMeans saved
2024-01-19 03:54:46,756 : INFO : Model File KMeans saved
2024-01-19 03:54:46,756 : INFO : End of Save Models
2024-01-19 03:54:46,756 : INFO : End of Save Models
2024-01-19 03:54:46,756 : INFO : succesfully created 3 clusters.
2024-01-19 03:54:46,757 : INFO : End of Create clusters...
2024-01-19 03:54:46,759 : INFO : Start of finding best model...
2024-01-19 03:54:46,759 : INFO : Start of finding best params for XGBoost algo...
2024-01-19 03:54:57,684 : INFO : XGBoost best params: {'learning_rate': 0.5, 'max_depth': 10, 'n_estimators': 100}
2024-01-19 03:54:57,684 : INFO : End of finding best params for XGBoost algo...
2024-01-19 03:54:57,689 : INFO : AUC for XGBoost:0.9842440647602135
2024-01-19 03:54:57,689 : INFO : Start of finding best params for randomforest algo...
2024-01-19 03:55:06,981 : INFO : Random Forest best params: {'criterion': 'entropy', 'max_depth': 3, 'max_features': 'log2', 'n_estimators': 50}
2024-01-19 03:55:06,981 : INFO : End of finding best params for randomforest algo...
2024-01-19 03:55:06,987 : INFO : AUC for Random Forest:0.9639171207555619
2024-01-19 03:55:06,988 : INFO : End of finding best model...
2024-01-19 03:55:06,988 : INFO : Start of Save Models
2024-01-19 03:55:06,988 : INFO : Start of Save Models
2024-01-19 03:55:06,991 : INFO : Model File XGBoost0 saved
2024-01-19 03:55:06,991 : INFO : Model File XGBoost0 saved
2024-01-19 03:55:06,991 : INFO : End of Save Models
2024-01-19 03:55:06,991 : INFO : End of Save Models
2024-01-19 03:55:06,993 : INFO : Start of finding best model...
2024-01-19 03:55:06,993 : INFO : Start of finding best params for XGBoost algo...
2024-01-19 03:55:19,001 : INFO : XGBoost best params: {'learning_rate': 0.1, 'max_depth': 10, 'n_estimators': 100}
2024-01-19 03:55:19,002 : INFO : End of finding best params for XGBoost algo...
2024-01-19 03:55:19,007 : INFO : AUC for XGBoost:0.9773622470479973
2024-01-19 03:55:19,007 : INFO : Start of finding best params for randomforest algo...
2024-01-19 03:55:28,509 : INFO : Random Forest best params: {'criterion': 'entropy', 'max_depth': 3, 'max_features': 'log2', 'n_estimators': 130}
2024-01-19 03:55:28,509 : INFO : End of finding best params for randomforest algo...
2024-01-19 03:55:28,524 : INFO : AUC for Random Forest:0.9634708497811262
2024-01-19 03:55:28,524 : INFO : End of finding best model...
2024-01-19 03:55:28,524 : INFO : Start of Save Models
2024-01-19 03:55:28,524 : INFO : Start of Save Models
2024-01-19 03:55:28,528 : INFO : Model File XGBoost1 saved
2024-01-19 03:55:28,528 : INFO : Model File XGBoost1 saved
2024-01-19 03:55:28,528 : INFO : End of Save Models
2024-01-19 03:55:28,528 : INFO : End of Save Models
2024-01-19 03:55:28,530 : INFO : Start of finding best model...
2024-01-19 03:55:28,530 : INFO : Start of finding best params for XGBoost algo...
2024-01-19 03:55:39,213 : INFO : XGBoost best params: {'learning_rate': 0.5, 'max_depth': 5, 'n_estimators': 50}
2024-01-19 03:55:39,215 : INFO : End of finding best params for XGBoost algo...
2024-01-19 03:55:39,231 : INFO : AUC for XGBoost:0.9087937273823884
2024-01-19 03:55:39,231 : INFO : Start of finding best params for randomforest algo...
2024-01-19 03:55:47,358 : INFO : Random Forest best params: {'criterion': 'entropy', 'max_depth': 3, 'max_features': 'log2', 'n_estimators': 50}
2024-01-19 03:55:47,358 : INFO : End of finding best params for randomforest algo...
2024-01-19 03:55:47,363 : INFO : AUC for Random Forest:0.8187937273823885
2024-01-19 03:55:47,363 : INFO : End of finding best model...
2024-01-19 03:55:47,363 : INFO : Start of Save Models
2024-01-19 03:55:47,363 : INFO : Start of Save Models
2024-01-19 03:55:47,379 : INFO : Model File XGBoost2 saved
2024-01-19 03:55:47,379 : INFO : Model File XGBoost2 saved
2024-01-19 03:55:47,379 : INFO : End of Save Models
2024-01-19 03:55:47,379 : INFO : End of Save Models
2024-01-19 03:55:47,379 : INFO : End of Training
